<!DOCTYPE html PUBLIC "-//W3C//DTD XHTML 1.0 Transitional//EN" "http://www.w3.org/TR/xhtml1/DTD/xhtml1-transitional.dtd">
<!-- Generated by Apache Maven Doxia Site Renderer 1.4 at 2015-09-12 -->
<html xmlns="http://www.w3.org/1999/xhtml" xml:lang="en" lang="en">
  <head>
    <meta http-equiv="Content-Type" content="text/html; charset=UTF-8" />
    <title>E2E_TV - Surefire Report</title>
    <style type="text/css" media="all">
      @import url("./css/maven-base.css");
      @import url("./css/maven-theme.css");
      @import url("./css/site.css");
    </style>
    <link rel="stylesheet" href="./css/print.css" type="text/css" media="print" />
    <meta name="Date-Revision-yyyymmdd" content="20150912" />
    <meta http-equiv="Content-Language" content="en" />
        
        </head>
  <body class="composite">
    <div id="banner">
                    <div id="bannerLeft">
                E2E_TV
                </div>
                    <div class="clear">
        <hr/>
      </div>
    </div>
    <div id="breadcrumbs">
            
                    
                <div class="xleft">
        <span id="publishDate">Last Published: 2015-09-12</span>
                  &nbsp;| <span id="projectVersion">Version: 1.1</span>
                      </div>
            <div class="xright">                    <a href="./" title="E2E_TV">E2E_TV</a>
              
                    
      </div>
      <div class="clear">
        <hr/>
      </div>
    </div>
    <div id="leftColumn">
      <div id="navcolumn">
             
                    
                                          <h5>Project Documentation</h5>
                  <ul>
                                                                                                                                                                                <li class="collapsed">
                          <a href="project-info.html" title="Project Information">Project Information</a>
                  </li>
                                                                              <li class="expanded">
                          <a href="project-reports.html" title="Project Reports">Project Reports</a>
                    <ul>
                      <li class="none">
            <strong>Surefire Report</strong>
          </li>
              </ul>
        </li>
          </ul>
                             <a href="http://maven.apache.org/" title="Built by Maven" class="poweredBy">
        <img class="poweredBy" alt="Built by Maven" src="./images/logos/maven-feather.png" />
      </a>
                   
                    
            </div>
    </div>
    <div id="bodyColumn">
      <div id="contentBox">
        <script type="text/javascript">
//<![CDATA[
function toggleDisplay(elementId) {
 var elm = document.getElementById(elementId + 'error');
 if (elm && typeof elm.style != "undefined") {
 if (elm.style.display == "none") {
 elm.style.display = "";
 document.getElementById(elementId + 'off').style.display = "none";
 document.getElementById(elementId + 'on').style.display = "inline";
 } else if (elm.style.display == "") { elm.style.display = "none";
 document.getElementById(elementId + 'off').style.display = "inline";
 document.getElementById(elementId + 'on').style.display = "none";
 } 
 } 
 }
//]]>
</script>
<div class="section">
<h2>Surefire Report<a name="Surefire_Report"></a></h2></div>
<div class="section">
<h2>Summary<a name="Summary"></a></h2><a name="Summary"></a>
<p>[<a href="#Summary">Summary</a>] [<a href="#Package_List">Package List</a>] [<a href="#Test_Cases">Test Cases</a>]</p><br />
<table border="1" class="bodyTable">
<tr class="a">
<th>Tests</th>
<th>Errors </th>
<th>Failures</th>
<th>Skipped</th>
<th>Success Rate</th>
<th>Time</th></tr>
<tr class="b">
<td>25</td>
<td>0</td>
<td>11</td>
<td>0</td>
<td>56%</td>
<td>0.5</td></tr></table><br />
<p>Note: failures are anticipated and checked for with assertions while errors are unanticipated.</p><br /></div>
<div class="section">
<h2>Package List<a name="Package_List"></a></h2><a name="Package_List"></a>
<p>[<a href="#Summary">Summary</a>] [<a href="#Package_List">Package List</a>] [<a href="#Test_Cases">Test Cases</a>]</p><br />
<table border="1" class="bodyTable">
<tr class="a">
<th>Package</th>
<th>Tests</th>
<th>Errors </th>
<th>Failures</th>
<th>Skipped</th>
<th>Success Rate</th>
<th>Time</th></tr>
<tr class="b">
<td><a href="#core">core</a></td>
<td>25</td>
<td>0</td>
<td>11</td>
<td>0</td>
<td>56%</td>
<td>0.5</td></tr></table><br />
<p>Note: package statistics are not computed recursively, they only sum up all of its testsuites numbers.</p>
<div class="section">
<h3>core<a name="core"></a></h3><a name="core"></a>
<table border="1" class="bodyTable">
<tr class="a">
<th></th>
<th>Class</th>
<th>Tests</th>
<th>Errors </th>
<th>Failures</th>
<th>Skipped</th>
<th>Success Rate</th>
<th>Time</th></tr>
<tr class="b">
<td><a href="#coreTVTest"><img src="images/icon_warning_sml.gif" alt="" /></a></td>
<td><a href="#coreTVTest">TVTest</a></td>
<td>25</td>
<td>0</td>
<td>11</td>
<td>0</td>
<td>56%</td>
<td>0.5</td></tr></table></div><br /></div>
<div class="section">
<h2>Test Cases<a name="Test_Cases"></a></h2><a name="Test_Cases"></a>
<p>[<a href="#Summary">Summary</a>] [<a href="#Package_List">Package List</a>] [<a href="#Test_Cases">Test Cases</a>]</p>
<div class="section">
<h3>TVTest<a name="TVTest"></a></h3><a name="coreTVTest"></a>
<table border="1" class="bodyTable">
<tr class="a">
<td><img src="images/icon_success_sml.gif" alt="" /></td>
<td>test_Title_Validation[Iteration # 0 : exp: learn2test.net; act: learn2test.net]</td>
<td>0.453</td></tr>
<tr class="b">
<td><img src="images/icon_success_sml.gif" alt="" /></td>
<td>test_Title_Validation[Iteration # 1 : exp: Yahoo; act: Yahoo]</td>
<td>0</td></tr>
<tr class="a">
<td><a href="#core.TVTest.test_Title_ValidationIteration__2_:_exp:_Banking_act:_Banking_Credit_Cards_Lending__Investing_-_Citibank_-_Citibank"><img src="images/icon_error_sml.gif" alt="" /></a></td>
<td><a href="#core.TVTest.test_Title_ValidationIteration__2_:_exp:_Banking_act:_Banking_Credit_Cards_Lending__Investing_-_Citibank_-_Citibank">test_Title_Validation[Iteration # 2 : exp: Banking; act: Banking, Credit Cards, Lending &amp; Investing - Citibank&#xae; - Citibank]</a>
<div class="detailToggle" style="display:inline"><a href="javascript:toggleDisplay(&apos;core.TVTest.test_Title_ValidationIteration__2_:_exp:_Banking_act:_Banking_Credit_Cards_Lending__Investing_-_Citibank_-_Citibank&apos;);"><span style="display:inline;" id="core.TVTest.test_Title_ValidationIteration__2_:_exp:_Banking_act:_Banking_Credit_Cards_Lending__Investing_-_Citibank_-_Citibankoff"> + </span><span style="display:none;" id="core.TVTest.test_Title_ValidationIteration__2_:_exp:_Banking_act:_Banking_Credit_Cards_Lending__Investing_-_Citibank_-_Citibankon"> - </span>[ Detail ]</a></div></td>
<td>0.015</td></tr>
<tr class="b">
<td></td>
<td>FAILED expected:&lt;Banking[]&gt; but was:&lt;Banking[, Credit Cards, Lending &amp; Investing - Citibank&#xae; - Citibank]&gt;</td>
<td></td></tr>
<tr class="a">
<td></td>
<td>
<div id="core.TVTest.test_Title_ValidationIteration__2_:_exp:_Banking_act:_Banking_Credit_Cards_Lending__Investing_-_Citibank_-_Citibankerror" style="display:none;">
<div>
<pre>org.junit.ComparisonFailure: FAILED expected:&lt;Banking[]&gt; but was:&lt;Banking[, Credit Cards, Lending &amp; Investing - Citibank&#xae; - Citibank]&gt;at org.junit.Assert.assertEquals(Assert.java:115)at core.TVTest.test_Title_Validation(TVTest.java:49)at sun.reflect.NativeMethodAccessorImpl.invoke0(Native Method)at sun.reflect.NativeMethodAccessorImpl.invoke(NativeMethodAccessorImpl.java:57)at sun.reflect.DelegatingMethodAccessorImpl.invoke(DelegatingMethodAccessorImpl.java:43)at java.lang.reflect.Method.invoke(Method.java:606)at org.junit.runners.model.FrameworkMethod$1.runReflectiveCall(FrameworkMethod.java:50)at org.junit.internal.runners.model.ReflectiveCallable.run(ReflectiveCallable.java:12)at org.junit.runners.model.FrameworkMethod.invokeExplosively(FrameworkMethod.java:47)at org.junit.internal.runners.statements.InvokeMethod.evaluate(InvokeMethod.java:17)at org.junit.runners.ParentRunner.runLeaf(ParentRunner.java:325)at org.junit.runners.BlockJUnit4ClassRunner.runChild(BlockJUnit4ClassRunner.java:78)at org.junit.runners.BlockJUnit4ClassRunner.runChild(BlockJUnit4ClassRunner.java:57)at org.junit.runners.ParentRunner$3.run(ParentRunner.java:290)at org.junit.runners.ParentRunner$1.schedule(ParentRunner.java:71)at org.junit.runners.ParentRunner.runChildren(ParentRunner.java:288)at org.junit.runners.ParentRunner.access$000(ParentRunner.java:58)at org.junit.runners.ParentRunner$2.evaluate(ParentRunner.java:268)at org.junit.runners.ParentRunner.run(ParentRunner.java:363)at org.junit.runners.Suite.runChild(Suite.java:128)at org.junit.runners.Suite.runChild(Suite.java:27)at org.junit.runners.ParentRunner$3.run(ParentRunner.java:290)at org.junit.runners.ParentRunner$1.schedule(ParentRunner.java:71)at org.junit.runners.ParentRunner.runChildren(ParentRunner.java:288)at org.junit.runners.ParentRunner.access$000(ParentRunner.java:58)at org.junit.runners.ParentRunner$2.evaluate(ParentRunner.java:268)at org.junit.internal.runners.statements.RunBefores.evaluate(RunBefores.java:26)at org.junit.runners.ParentRunner.run(ParentRunner.java:363)at org.junit.runners.Suite.runChild(Suite.java:128)at org.junit.runners.Suite.runChild(Suite.java:27)at org.junit.runners.ParentRunner$3.run(ParentRunner.java:290)at org.junit.runners.ParentRunner$1.schedule(ParentRunner.java:71)at org.junit.runners.ParentRunner.runChildren(ParentRunner.java:288)at org.junit.runners.ParentRunner.access$000(ParentRunner.java:58)at org.junit.runners.ParentRunner$2.evaluate(ParentRunner.java:268)at org.junit.runners.ParentRunner.run(ParentRunner.java:363)at org.apache.maven.surefire.junit4.JUnit4Provider.execute(JUnit4Provider.java:252)at org.apache.maven.surefire.junit4.JUnit4Provider.executeTestSet(JUnit4Provider.java:141)at org.apache.maven.surefire.junit4.JUnit4Provider.invoke(JUnit4Provider.java:112)at sun.reflect.NativeMethodAccessorImpl.invoke0(Native Method)at sun.reflect.NativeMethodAccessorImpl.invoke(NativeMethodAccessorImpl.java:57)at sun.reflect.DelegatingMethodAccessorImpl.invoke(DelegatingMethodAccessorImpl.java:43)at java.lang.reflect.Method.invoke(Method.java:606)at org.apache.maven.surefire.util.ReflectionUtils.invokeMethodWithArray(ReflectionUtils.java:189)at org.apache.maven.surefire.booter.ProviderFactory$ProviderProxy.invoke(ProviderFactory.java:165)at org.apache.maven.surefire.booter.ProviderFactory.invokeProvider(ProviderFactory.java:85)at org.apache.maven.surefire.booter.ForkedBooter.runSuitesInProcess(ForkedBooter.java:115)at org.apache.maven.surefire.booter.ForkedBooter.main(ForkedBooter.java:75)</pre></div></div></td>
<td></td></tr>
<tr class="b">
<td><img src="images/icon_success_sml.gif" alt="" /></td>
<td>test_Title_Validation[Iteration # 3 : exp: Google; act: Google]</td>
<td>0</td></tr>
<tr class="a">
<td><a href="#core.TVTest.test_Title_ValidationIteration__4_:_exp:_Shop_Clothes_For_Women_Men_Baby_and_Kids__Free_Ship_on_0__Gap_act:_Shop_Clothes_For_Women_Men_Baby_and_Kids__Free_Ship_on_50__Gap"><img src="images/icon_error_sml.gif" alt="" /></a></td>
<td><a href="#core.TVTest.test_Title_ValidationIteration__4_:_exp:_Shop_Clothes_For_Women_Men_Baby_and_Kids__Free_Ship_on_0__Gap_act:_Shop_Clothes_For_Women_Men_Baby_and_Kids__Free_Ship_on_50__Gap">test_Title_Validation[Iteration # 4 : exp: Shop Clothes For Women Men Baby and Kids | Free Ship on 0 | Gap; act: Shop Clothes For Women, Men, Baby, and Kids | Free Ship on $50 | Gap]</a>
<div class="detailToggle" style="display:inline"><a href="javascript:toggleDisplay(&apos;core.TVTest.test_Title_ValidationIteration__4_:_exp:_Shop_Clothes_For_Women_Men_Baby_and_Kids__Free_Ship_on_0__Gap_act:_Shop_Clothes_For_Women_Men_Baby_and_Kids__Free_Ship_on_50__Gap&apos;);"><span style="display:inline;" id="core.TVTest.test_Title_ValidationIteration__4_:_exp:_Shop_Clothes_For_Women_Men_Baby_and_Kids__Free_Ship_on_0__Gap_act:_Shop_Clothes_For_Women_Men_Baby_and_Kids__Free_Ship_on_50__Gapoff"> + </span><span style="display:none;" id="core.TVTest.test_Title_ValidationIteration__4_:_exp:_Shop_Clothes_For_Women_Men_Baby_and_Kids__Free_Ship_on_0__Gap_act:_Shop_Clothes_For_Women_Men_Baby_and_Kids__Free_Ship_on_50__Gapon"> - </span>[ Detail ]</a></div></td>
<td>0</td></tr>
<tr class="b">
<td></td>
<td>FAILED expected:&lt;...op Clothes For Women[ Men Baby and Kids | Free Ship on ]0 | Gap&gt; but was:&lt;...op Clothes For Women[, Men, Baby, and Kids | Free Ship on $5]0 | Gap&gt;</td>
<td></td></tr>
<tr class="a">
<td></td>
<td>
<div id="core.TVTest.test_Title_ValidationIteration__4_:_exp:_Shop_Clothes_For_Women_Men_Baby_and_Kids__Free_Ship_on_0__Gap_act:_Shop_Clothes_For_Women_Men_Baby_and_Kids__Free_Ship_on_50__Gaperror" style="display:none;">
<div>
<pre>org.junit.ComparisonFailure: FAILED expected:&lt;...op Clothes For Women[ Men Baby and Kids | Free Ship on ]0 | Gap&gt; but was:&lt;...op Clothes For Women[, Men, Baby, and Kids | Free Ship on $5]0 | Gap&gt;at org.junit.Assert.assertEquals(Assert.java:115)at core.TVTest.test_Title_Validation(TVTest.java:49)at sun.reflect.NativeMethodAccessorImpl.invoke0(Native Method)at sun.reflect.NativeMethodAccessorImpl.invoke(NativeMethodAccessorImpl.java:57)at sun.reflect.DelegatingMethodAccessorImpl.invoke(DelegatingMethodAccessorImpl.java:43)at java.lang.reflect.Method.invoke(Method.java:606)at org.junit.runners.model.FrameworkMethod$1.runReflectiveCall(FrameworkMethod.java:50)at org.junit.internal.runners.model.ReflectiveCallable.run(ReflectiveCallable.java:12)at org.junit.runners.model.FrameworkMethod.invokeExplosively(FrameworkMethod.java:47)at org.junit.internal.runners.statements.InvokeMethod.evaluate(InvokeMethod.java:17)at org.junit.runners.ParentRunner.runLeaf(ParentRunner.java:325)at org.junit.runners.BlockJUnit4ClassRunner.runChild(BlockJUnit4ClassRunner.java:78)at org.junit.runners.BlockJUnit4ClassRunner.runChild(BlockJUnit4ClassRunner.java:57)at org.junit.runners.ParentRunner$3.run(ParentRunner.java:290)at org.junit.runners.ParentRunner$1.schedule(ParentRunner.java:71)at org.junit.runners.ParentRunner.runChildren(ParentRunner.java:288)at org.junit.runners.ParentRunner.access$000(ParentRunner.java:58)at org.junit.runners.ParentRunner$2.evaluate(ParentRunner.java:268)at org.junit.runners.ParentRunner.run(ParentRunner.java:363)at org.junit.runners.Suite.runChild(Suite.java:128)at org.junit.runners.Suite.runChild(Suite.java:27)at org.junit.runners.ParentRunner$3.run(ParentRunner.java:290)at org.junit.runners.ParentRunner$1.schedule(ParentRunner.java:71)at org.junit.runners.ParentRunner.runChildren(ParentRunner.java:288)at org.junit.runners.ParentRunner.access$000(ParentRunner.java:58)at org.junit.runners.ParentRunner$2.evaluate(ParentRunner.java:268)at org.junit.internal.runners.statements.RunBefores.evaluate(RunBefores.java:26)at org.junit.runners.ParentRunner.run(ParentRunner.java:363)at org.junit.runners.Suite.runChild(Suite.java:128)	at org.junit.runners.Suite.runChild(Suite.java:27)at org.junit.runners.ParentRunner$3.run(ParentRunner.java:290)at org.junit.runners.ParentRunner$1.schedule(ParentRunner.java:71)at org.junit.runners.ParentRunner.runChildren(ParentRunner.java:288)at org.junit.runners.ParentRunner.access$000(ParentRunner.java:58)at org.junit.runners.ParentRunner$2.evaluate(ParentRunner.java:268)at org.junit.runners.ParentRunner.run(ParentRunner.java:363)at org.apache.maven.surefire.junit4.JUnit4Provider.execute(JUnit4Provider.java:252)at org.apache.maven.surefire.junit4.JUnit4Provider.executeTestSet(JUnit4Provider.java:141)at org.apache.maven.surefire.junit4.JUnit4Provider.invoke(JUnit4Provider.java:112)at sun.reflect.NativeMethodAccessorImpl.invoke0(Native Method)at sun.reflect.NativeMethodAccessorImpl.invoke(NativeMethodAccessorImpl.java:57)at sun.reflect.DelegatingMethodAccessorImpl.invoke(DelegatingMethodAccessorImpl.java:43)at java.lang.reflect.Method.invoke(Method.java:606)at org.apache.maven.surefire.util.ReflectionUtils.invokeMethodWithArray(ReflectionUtils.java:189)at org.apache.maven.surefire.booter.ProviderFactory$ProviderProxy.invoke(ProviderFactory.java:165)at org.apache.maven.surefire.booter.ProviderFactory.invokeProvider(ProviderFactory.java:85)at org.apache.maven.surefire.booter.ForkedBooter.runSuitesInProcess(ForkedBooter.java:115)at org.apache.maven.surefire.booter.ForkedBooter.main(ForkedBooter.java:75)</pre></div></div></td>
<td></td></tr>
<tr class="b">
<td><img src="images/icon_success_sml.gif" alt="" /></td>
<td>test_Title_Validation[Iteration # 5 : exp: DigiKey Electronics - Electronic Components Distributor; act: DigiKey Electronics - Electronic Components Distributor]</td>
<td>0</td></tr>
<tr class="a">
<td><img src="images/icon_success_sml.gif" alt="" /></td>
<td>test_Title_Validation[Iteration # 6 : exp: Mouser Electronics - Electronic Components Distributor; act: Mouser Electronics - Electronic Components Distributor]</td>
<td>0</td></tr>
<tr class="b">
<td><a href="#core.TVTest.test_Title_ValidationIteration__7_:_exp:_J.Crew:_Clothes_Shoes__Accessories_for_Women_Men__Kids_act:_J.Crew:_Clothes_Shoes__Accessories_for_Women_Men__Kids"><img src="images/icon_error_sml.gif" alt="" /></a></td>
<td><a href="#core.TVTest.test_Title_ValidationIteration__7_:_exp:_J.Crew:_Clothes_Shoes__Accessories_for_Women_Men__Kids_act:_J.Crew:_Clothes_Shoes__Accessories_for_Women_Men__Kids">test_Title_Validation[Iteration # 7 : exp: J.Crew: Clothes Shoes &amp; Accessories for Women Men &amp; Kids; act: J.Crew: Clothes, Shoes &amp; Accessories for Women, Men &amp; Kids]</a>
<div class="detailToggle" style="display:inline"><a href="javascript:toggleDisplay(&apos;core.TVTest.test_Title_ValidationIteration__7_:_exp:_J.Crew:_Clothes_Shoes__Accessories_for_Women_Men__Kids_act:_J.Crew:_Clothes_Shoes__Accessories_for_Women_Men__Kids&apos;);"><span style="display:inline;" id="core.TVTest.test_Title_ValidationIteration__7_:_exp:_J.Crew:_Clothes_Shoes__Accessories_for_Women_Men__Kids_act:_J.Crew:_Clothes_Shoes__Accessories_for_Women_Men__Kidsoff"> + </span><span style="display:none;" id="core.TVTest.test_Title_ValidationIteration__7_:_exp:_J.Crew:_Clothes_Shoes__Accessories_for_Women_Men__Kids_act:_J.Crew:_Clothes_Shoes__Accessories_for_Women_Men__Kidson"> - </span>[ Detail ]</a></div></td>
<td>0</td></tr>
<tr class="a">
<td></td>
<td>FAILED expected:&lt;J.Crew: Clothes[ Shoes &amp; Accessories for Women] Men &amp; Kids&gt; but was:&lt;J.Crew: Clothes[, Shoes &amp; Accessories for Women,] Men &amp; Kids&gt;</td>
<td></td></tr>
<tr class="b">
<td></td>
<td>
<div id="core.TVTest.test_Title_ValidationIteration__7_:_exp:_J.Crew:_Clothes_Shoes__Accessories_for_Women_Men__Kids_act:_J.Crew:_Clothes_Shoes__Accessories_for_Women_Men__Kidserror" style="display:none;">
<div>
<pre>org.junit.ComparisonFailure: FAILED expected:&lt;J.Crew: Clothes[ Shoes &amp; Accessories for Women] Men &amp; Kids&gt; but was:&lt;J.Crew: Clothes[, Shoes &amp; Accessories for Women,] Men &amp; Kids&gt;at org.junit.Assert.assertEquals(Assert.java:115)at core.TVTest.test_Title_Validation(TVTest.java:49)at sun.reflect.NativeMethodAccessorImpl.invoke0(Native Method)at sun.reflect.NativeMethodAccessorImpl.invoke(NativeMethodAccessorImpl.java:57)at sun.reflect.DelegatingMethodAccessorImpl.invoke(DelegatingMethodAccessorImpl.java:43)at java.lang.reflect.Method.invoke(Method.java:606)at org.junit.runners.model.FrameworkMethod$1.runReflectiveCall(FrameworkMethod.java:50)at org.junit.internal.runners.model.ReflectiveCallable.run(ReflectiveCallable.java:12)at org.junit.runners.model.FrameworkMethod.invokeExplosively(FrameworkMethod.java:47)at org.junit.internal.runners.statements.InvokeMethod.evaluate(InvokeMethod.java:17)at org.junit.runners.ParentRunner.runLeaf(ParentRunner.java:325)at org.junit.runners.BlockJUnit4ClassRunner.runChild(BlockJUnit4ClassRunner.java:78)at org.junit.runners.BlockJUnit4ClassRunner.runChild(BlockJUnit4ClassRunner.java:57)at org.junit.runners.ParentRunner$3.run(ParentRunner.java:290)at org.junit.runners.ParentRunner$1.schedule(ParentRunner.java:71)at org.junit.runners.ParentRunner.runChildren(ParentRunner.java:288)at org.junit.runners.ParentRunner.access$000(ParentRunner.java:58)at org.junit.runners.ParentRunner$2.evaluate(ParentRunner.java:268)at org.junit.runners.ParentRunner.run(ParentRunner.java:363)at org.junit.runners.Suite.runChild(Suite.java:128)at org.junit.runners.Suite.runChild(Suite.java:27)at org.junit.runners.ParentRunner$3.run(ParentRunner.java:290)at org.junit.runners.ParentRunner$1.schedule(ParentRunner.java:71)at org.junit.runners.ParentRunner.runChildren(ParentRunner.java:288)at org.junit.runners.ParentRunner.access$000(ParentRunner.java:58)at org.junit.runners.ParentRunner$2.evaluate(ParentRunner.java:268)at org.junit.internal.runners.statements.RunBefores.evaluate(RunBefores.java:26)at org.junit.runners.ParentRunner.run(ParentRunner.java:363)at org.junit.runners.Suite.runChild(Suite.java:128)at org.junit.runners.Suite.runChild(Suite.java:27)at org.junit.runners.ParentRunner$3.run(ParentRunner.java:290)at org.junit.runners.ParentRunner$1.schedule(ParentRunner.java:71)at org.junit.runners.ParentRunner.runChildren(ParentRunner.java:288)at org.junit.runners.ParentRunner.access$000(ParentRunner.java:58)at org.junit.runners.ParentRunner$2.evaluate(ParentRunner.java:268)at org.junit.runners.ParentRunner.run(ParentRunner.java:363)at org.apache.maven.surefire.junit4.JUnit4Provider.execute(JUnit4Provider.java:252)at org.apache.maven.surefire.junit4.JUnit4Provider.executeTestSet(JUnit4Provider.java:141)at org.apache.maven.surefire.junit4.JUnit4Provider.invoke(JUnit4Provider.java:112)at sun.reflect.NativeMethodAccessorImpl.invoke0(Native Method)at sun.reflect.NativeMethodAccessorImpl.invoke(NativeMethodAccessorImpl.java:57)at sun.reflect.DelegatingMethodAccessorImpl.invoke(DelegatingMethodAccessorImpl.java:43)at java.lang.reflect.Method.invoke(Method.java:606)at org.apache.maven.surefire.util.ReflectionUtils.invokeMethodWithArray(ReflectionUtils.java:189)at org.apache.maven.surefire.booter.ProviderFactory$ProviderProxy.invoke(ProviderFactory.java:165)at org.apache.maven.surefire.booter.ProviderFactory.invokeProvider(ProviderFactory.java:85)at org.apache.maven.surefire.booter.ForkedBooter.runSuitesInProcess(ForkedBooter.java:115)at org.apache.maven.surefire.booter.ForkedBooter.main(ForkedBooter.java:75)</pre></div></div></td>
<td></td></tr>
<tr class="a">
<td><img src="images/icon_success_sml.gif" alt="" /></td>
<td>test_Title_Validation[Iteration # 8 : exp: Khan Academy; act: Khan Academy]</td>
<td>0</td></tr>
<tr class="b">
<td><img src="images/icon_success_sml.gif" alt="" /></td>
<td>test_Title_Validation[Iteration # 9 : exp: Redwood Credit Union | Bay Area Credit Union | Santa Rosa CA; act: Redwood Credit Union | Bay Area Credit Union | Santa Rosa CA]</td>
<td>0</td></tr>
<tr class="a">
<td><a href="#core.TVTest.test_Title_ValidationIteration__10_:_exp:_Mail.ru:______act:_Mail.Ru:______"><img src="images/icon_error_sml.gif" alt="" /></a></td>
<td><a href="#core.TVTest.test_Title_ValidationIteration__10_:_exp:_Mail.ru:______act:_Mail.Ru:______">test_Title_Validation[Iteration # 10 : exp: Mail.ru:&#x420;&#x457;&#x420;&#x455;&#x421;&#x2021;&#x421;&#x201a;&#x420;&#xb0; &#x420;&#x457;&#x420;&#x455;&#x420;&#x451;&#x421;&#x403;&#x420;&#x454; &#x420;&#x406; &#x420;&#x451;&#x420;&#x405;&#x421;&#x201a;&#x420;&#xb5;&#x421;&#x402;&#x420;&#x405;&#x420;&#xb5;&#x421;&#x201a;&#x420;&#xb5; &#x420;&#x405;&#x420;&#x455;&#x420;&#x406;&#x420;&#x455;&#x421;&#x403;&#x421;&#x201a;&#x420;&#x451; &#x420;&#x451;&#x420;&#x456;&#x421;&#x402;&#x421;&#x2039;; act: Mail.Ru: &#x43f;&#x43e;&#x447;&#x442;&#x430;, &#x43f;&#x43e;&#x438;&#x441;&#x43a; &#x432; &#x438;&#x43d;&#x442;&#x435;&#x440;&#x43d;&#x435;&#x442;&#x435;, &#x43d;&#x43e;&#x432;&#x43e;&#x441;&#x442;&#x438;, &#x438;&#x433;&#x440;&#x44b;]</a>
<div class="detailToggle" style="display:inline"><a href="javascript:toggleDisplay(&apos;core.TVTest.test_Title_ValidationIteration__10_:_exp:_Mail.ru:______act:_Mail.Ru:______&apos;);"><span style="display:inline;" id="core.TVTest.test_Title_ValidationIteration__10_:_exp:_Mail.ru:______act:_Mail.Ru:______off"> + </span><span style="display:none;" id="core.TVTest.test_Title_ValidationIteration__10_:_exp:_Mail.ru:______act:_Mail.Ru:______on"> - </span>[ Detail ]</a></div></td>
<td>0</td></tr>
<tr class="b">
<td></td>
<td>FAILED expected:&lt;Mail.[ru:&#x420;&#x457;&#x420;&#x455;&#x421;&#x2021;&#x421;&#x201a;&#x420;&#xb0; &#x420;&#x457;&#x420;&#x455;&#x420;&#x451;&#x421;&#x403;&#x420;&#x454; &#x420;&#x406; &#x420;&#x451;&#x420;&#x405;&#x421;&#x201a;&#x420;&#xb5;&#x421;&#x402;&#x420;&#x405;&#x420;&#xb5;&#x421;&#x201a;&#x420;&#xb5; &#x420;&#x405;&#x420;&#x455;&#x420;&#x406;&#x420;&#x455;&#x421;&#x403;&#x421;&#x201a;&#x420;&#x451; &#x420;&#x451;&#x420;&#x456;&#x421;&#x402;&#x421;&#x2039;]&gt; but was:&lt;Mail.[Ru: &#x43f;&#x43e;&#x447;&#x442;&#x430;, &#x43f;&#x43e;&#x438;&#x441;&#x43a; &#x432; &#x438;&#x43d;&#x442;&#x435;&#x440;&#x43d;&#x435;&#x442;&#x435;, &#x43d;&#x43e;&#x432;&#x43e;&#x441;&#x442;&#x438;, &#x438;&#x433;&#x440;&#x44b;]&gt;</td>
<td></td></tr>
<tr class="a">
<td></td>
<td>
<div id="core.TVTest.test_Title_ValidationIteration__10_:_exp:_Mail.ru:______act:_Mail.Ru:______error" style="display:none;">
<div>
<pre>org.junit.ComparisonFailure: FAILED expected:&lt;Mail.[ru:&#x420;&#x457;&#x420;&#x455;&#x421;&#x2021;&#x421;&#x201a;&#x420;&#xb0; &#x420;&#x457;&#x420;&#x455;&#x420;&#x451;&#x421;&#x403;&#x420;&#x454; &#x420;&#x406; &#x420;&#x451;&#x420;&#x405;&#x421;&#x201a;&#x420;&#xb5;&#x421;&#x402;&#x420;&#x405;&#x420;&#xb5;&#x421;&#x201a;&#x420;&#xb5; &#x420;&#x405;&#x420;&#x455;&#x420;&#x406;&#x420;&#x455;&#x421;&#x403;&#x421;&#x201a;&#x420;&#x451; &#x420;&#x451;&#x420;&#x456;&#x421;&#x402;&#x421;&#x2039;]&gt; but was:&lt;Mail.[Ru: &#x43f;&#x43e;&#x447;&#x442;&#x430;, &#x43f;&#x43e;&#x438;&#x441;&#x43a; &#x432; &#x438;&#x43d;&#x442;&#x435;&#x440;&#x43d;&#x435;&#x442;&#x435;, &#x43d;&#x43e;&#x432;&#x43e;&#x441;&#x442;&#x438;, &#x438;&#x433;&#x440;&#x44b;]&gt;</pre></div></div></td>
<td></td></tr>
<tr class="b">
<td><img src="images/icon_success_sml.gif" alt="" /></td>
<td>test_Title_Validation[Iteration # 11 : exp: BBC - Homepage; act: BBC - Homepage]</td>
<td>0</td></tr>
<tr class="a">
<td><img src="images/icon_success_sml.gif" alt="" /></td>
<td>test_Title_Validation[Iteration # 12 : exp: Facebook - Log In or Sign Up; act: Facebook - Log In or Sign Up]</td>
<td>0</td></tr>
<tr class="b">
<td><a href="#core.TVTest.test_Title_ValidationIteration__13_:_exp:_Fox_News_-_Breaking_News_Up_act:_Fox_News_-_Breaking_News_Updates__Latest_News_Headlines__Photos__News_Videos"><img src="images/icon_error_sml.gif" alt="" /></a></td>
<td><a href="#core.TVTest.test_Title_ValidationIteration__13_:_exp:_Fox_News_-_Breaking_News_Up_act:_Fox_News_-_Breaking_News_Updates__Latest_News_Headlines__Photos__News_Videos">test_Title_Validation[Iteration # 13 : exp: Fox News - Breaking News Up; act: Fox News - Breaking News Updates | Latest News Headlines | Photos &amp; News Videos]</a>
<div class="detailToggle" style="display:inline"><a href="javascript:toggleDisplay(&apos;core.TVTest.test_Title_ValidationIteration__13_:_exp:_Fox_News_-_Breaking_News_Up_act:_Fox_News_-_Breaking_News_Updates__Latest_News_Headlines__Photos__News_Videos&apos;);"><span style="display:inline;" id="core.TVTest.test_Title_ValidationIteration__13_:_exp:_Fox_News_-_Breaking_News_Up_act:_Fox_News_-_Breaking_News_Updates__Latest_News_Headlines__Photos__News_Videosoff"> + </span><span style="display:none;" id="core.TVTest.test_Title_ValidationIteration__13_:_exp:_Fox_News_-_Breaking_News_Up_act:_Fox_News_-_Breaking_News_Updates__Latest_News_Headlines__Photos__News_Videoson"> - </span>[ Detail ]</a></div></td>
<td>0</td></tr>
<tr class="a">
<td></td>
<td>FAILED expected:&lt;...s - Breaking News Up[]&gt; but was:&lt;...s - Breaking News Up[dates | Latest News Headlines | Photos &amp; News Videos]&gt;</td>
<td></td></tr>
<tr class="b">
<td></td>
<td>
<div id="core.TVTest.test_Title_ValidationIteration__13_:_exp:_Fox_News_-_Breaking_News_Up_act:_Fox_News_-_Breaking_News_Updates__Latest_News_Headlines__Photos__News_Videoserror" style="display:none;">
<div>
<pre>org.junit.ComparisonFailure: FAILED expected:&lt;...s - Breaking News Up[]&gt; but was:&lt;...s - Breaking News Up[dates | Latest News Headlines | Photos &amp; News Videos]&gt;at org.junit.Assert.assertEquals(Assert.java:115)at core.TVTest.test_Title_Validation(TVTest.java:49)at sun.reflect.NativeMethodAccessorImpl.invoke0(Native Method)at sun.reflect.NativeMethodAccessorImpl.invoke(NativeMethodAccessorImpl.java:57)at sun.reflect.DelegatingMethodAccessorImpl.invoke(DelegatingMethodAccessorImpl.java:43)at java.lang.reflect.Method.invoke(Method.java:606)at org.junit.runners.model.FrameworkMethod$1.runReflectiveCall(FrameworkMethod.java:50)at org.junit.internal.runners.model.ReflectiveCallable.run(ReflectiveCallable.java:12)at org.junit.runners.model.FrameworkMethod.invokeExplosively(FrameworkMethod.java:47)at org.junit.internal.runners.statements.InvokeMethod.evaluate(InvokeMethod.java:17)at org.junit.runners.ParentRunner.runLeaf(ParentRunner.java:325)at org.junit.runners.BlockJUnit4ClassRunner.runChild(BlockJUnit4ClassRunner.java:78)at org.junit.runners.BlockJUnit4ClassRunner.runChild(BlockJUnit4ClassRunner.java:57)at org.junit.runners.ParentRunner$3.run(ParentRunner.java:290)at org.junit.runners.ParentRunner$1.schedule(ParentRunner.java:71)at org.junit.runners.ParentRunner.runChildren(ParentRunner.java:288)at org.junit.runners.ParentRunner.access$000(ParentRunner.java:58)at org.junit.runners.ParentRunner$2.evaluate(ParentRunner.java:268)at org.junit.runners.ParentRunner.run(ParentRunner.java:363)at org.junit.runners.Suite.runChild(Suite.java:128)at org.junit.runners.Suite.runChild(Suite.java:27)at org.junit.runners.ParentRunner$3.run(ParentRunner.java:290)at org.junit.runners.ParentRunner$1.schedule(ParentRunner.java:71)at org.junit.runners.ParentRunner.runChildren(ParentRunner.java:288)at org.junit.runners.ParentRunner.access$000(ParentRunner.java:58)at org.junit.runners.ParentRunner$2.evaluate(ParentRunner.java:268)at org.junit.internal.runners.statements.RunBefores.evaluate(RunBefores.java:26)at org.junit.runners.ParentRunner.run(ParentRunner.java:363)at org.junit.runners.Suite.runChild(Suite.java:128)at org.junit.runners.Suite.runChild(Suite.java:27)at org.junit.runners.ParentRunner$3.run(ParentRunner.java:290)at org.junit.runners.ParentRunner$1.schedule(ParentRunner.java:71)at org.junit.runners.ParentRunner.runChildren(ParentRunner.java:288)at org.junit.runners.ParentRunner.access$000(ParentRunner.java:58)at org.junit.runners.ParentRunner$2.evaluate(ParentRunner.java:268)at org.junit.runners.ParentRunner.run(ParentRunner.java:363)at org.apache.maven.surefire.junit4.JUnit4Provider.execute(JUnit4Provider.java:252)at org.apache.maven.surefire.junit4.JUnit4Provider.executeTestSet(JUnit4Provider.java:141)	at org.apache.maven.surefire.junit4.JUnit4Provider.invoke(JUnit4Provider.java:112)at sun.reflect.NativeMethodAccessorImpl.invoke0(Native Method)at sun.reflect.NativeMethodAccessorImpl.invoke(NativeMethodAccessorImpl.java:57)at sun.reflect.DelegatingMethodAccessorImpl.invoke(DelegatingMethodAccessorImpl.java:43)at java.lang.reflect.Method.invoke(Method.java:606)at org.apache.maven.surefire.util.ReflectionUtils.invokeMethodWithArray(ReflectionUtils.java:189)at org.apache.maven.surefire.booter.ProviderFactory$ProviderProxy.invoke(ProviderFactory.java:165)at org.apache.maven.surefire.booter.ProviderFactory.invokeProvider(ProviderFactory.java:85)at org.apache.maven.surefire.booter.ForkedBooter.runSuitesInProcess(ForkedBooter.java:115)at org.apache.maven.surefire.booter.ForkedBooter.main(ForkedBooter.java:75)</pre></div></div></td>
<td></td></tr>
<tr class="a">
<td><a href="#core.TVTest.test_Title_ValidationIteration__14_:_exp:_Lib.Ru:____act:_Lib.Ru:___"><img src="images/icon_error_sml.gif" alt="" /></a></td>
<td><a href="#core.TVTest.test_Title_ValidationIteration__14_:_exp:_Lib.Ru:____act:_Lib.Ru:___">test_Title_Validation[Iteration # 14 : exp: Lib.Ru: &#x420;&#x2018;&#x420;&#x451;&#x420;&#xb1;&#x420;&#xbb;&#x420;&#x451;&#x420;&#x455;&#x421;&#x201a;&#x420;&#xb5;&#x420;&#x454;&#x420;&#xb0; &#x420;&#x45a;&#x420;&#xb0;&#x420;&#x454;&#x421;&#x403;&#x420;&#x451;&#x420;&#x458;&#x420;&#xb0; &#x420;&#x45a;&#x420;&#x455;&#x421;&#x20ac;&#x420;&#x454;&#x420;&#x455;&#x420;&#x406;&#x420;&#xb0;; act: Lib.Ru: &#x411;&#x438;&#x431;&#x43b;&#x438;&#x43e;&#x442;&#x435;&#x43a;&#x430; &#x41c;&#x430;&#x43a;&#x441;&#x438;&#x43c;&#x430; &#x41c;&#x43e;&#x448;&#x43a;&#x43e;&#x432;&#x430;]</a>
<div class="detailToggle" style="display:inline"><a href="javascript:toggleDisplay(&apos;core.TVTest.test_Title_ValidationIteration__14_:_exp:_Lib.Ru:____act:_Lib.Ru:___&apos;);"><span style="display:inline;" id="core.TVTest.test_Title_ValidationIteration__14_:_exp:_Lib.Ru:____act:_Lib.Ru:___off"> + </span><span style="display:none;" id="core.TVTest.test_Title_ValidationIteration__14_:_exp:_Lib.Ru:____act:_Lib.Ru:___on"> - </span>[ Detail ]</a></div></td>
<td>0.016</td></tr>
<tr class="b">
<td></td>
<td>FAILED expected:&lt;Lib.Ru: [&#x420;&#x2018;&#x420;&#x451;&#x420;&#xb1;&#x420;&#xbb;&#x420;&#x451;&#x420;&#x455;&#x421;&#x201a;&#x420;&#xb5;&#x420;&#x454;&#x420;&#xb0; &#x420;&#x45a;&#x420;&#xb0;&#x420;&#x454;&#x421;&#x403;&#x420;&#x451;&#x420;&#x458;&#x420;&#xb0; &#x420;&#x45a;&#x420;&#x455;&#x421;&#x20ac;&#x420;&#x454;&#x420;&#x455;&#x420;&#x406;&#x420;&#xb0;]&gt; but was:&lt;Lib.Ru: [&#x411;&#x438;&#x431;&#x43b;&#x438;&#x43e;&#x442;&#x435;&#x43a;&#x430; &#x41c;&#x430;&#x43a;&#x441;&#x438;&#x43c;&#x430; &#x41c;&#x43e;&#x448;&#x43a;&#x43e;&#x432;&#x430;]&gt;</td>
<td></td></tr>
<tr class="a">
<td></td>
<td>
<div id="core.TVTest.test_Title_ValidationIteration__14_:_exp:_Lib.Ru:____act:_Lib.Ru:___error" style="display:none;">
<div>
<pre>org.junit.ComparisonFailure: FAILED expected:&lt;Lib.Ru: [&#x420;&#x2018;&#x420;&#x451;&#x420;&#xb1;&#x420;&#xbb;&#x420;&#x451;&#x420;&#x455;&#x421;&#x201a;&#x420;&#xb5;&#x420;&#x454;&#x420;&#xb0; &#x420;&#x45a;&#x420;&#xb0;&#x420;&#x454;&#x421;&#x403;&#x420;&#x451;&#x420;&#x458;&#x420;&#xb0; &#x420;&#x45a;&#x420;&#x455;&#x421;&#x20ac;&#x420;&#x454;&#x420;&#x455;&#x420;&#x406;&#x420;&#xb0;]&gt; but was:&lt;Lib.Ru: [&#x411;&#x438;&#x431;&#x43b;&#x438;&#x43e;&#x442;&#x435;&#x43a;&#x430; &#x41c;&#x430;&#x43a;&#x441;&#x438;&#x43c;&#x430; &#x41c;&#x43e;&#x448;&#x43a;&#x43e;&#x432;&#x430;]&gt;at org.junit.Assert.assertEquals(Assert.java:115)at core.TVTest.test_Title_Validation(TVTest.java:49)at sun.reflect.NativeMethodAccessorImpl.invoke0(Native Method)at sun.reflect.NativeMethodAccessorImpl.invoke(NativeMethodAccessorImpl.java:57)at sun.reflect.DelegatingMethodAccessorImpl.invoke(DelegatingMethodAccessorImpl.java:43)at java.lang.reflect.Method.invoke(Method.java:606)at org.junit.runners.model.FrameworkMethod$1.runReflectiveCall(FrameworkMethod.java:50)at org.junit.internal.runners.model.ReflectiveCallable.run(ReflectiveCallable.java:12)at org.junit.runners.model.FrameworkMethod.invokeExplosively(FrameworkMethod.java:47)at org.junit.internal.runners.statements.InvokeMethod.evaluate(InvokeMethod.java:17)at org.junit.runners.ParentRunner.runLeaf(ParentRunner.java:325)at org.junit.runners.BlockJUnit4ClassRunner.runChild(BlockJUnit4ClassRunner.java:78)at org.junit.runners.BlockJUnit4ClassRunner.runChild(BlockJUnit4ClassRunner.java:57)at org.junit.runners.ParentRunner$3.run(ParentRunner.java:290)at org.junit.runners.ParentRunner$1.schedule(ParentRunner.java:71)at org.junit.runners.ParentRunner.runChildren(ParentRunner.java:288)at org.junit.runners.ParentRunner.access$000(ParentRunner.java:58)at org.junit.runners.ParentRunner$2.evaluate(ParentRunner.java:268)at org.junit.runners.ParentRunner.run(ParentRunner.java:363)at org.junit.runners.Suite.runChild(Suite.java:128)at org.junit.runners.Suite.runChild(Suite.java:27)at org.junit.runners.ParentRunner$3.run(ParentRunner.java:290)at org.junit.runners.ParentRunner$1.schedule(ParentRunner.java:71)at org.junit.runners.ParentRunner.runChildren(ParentRunner.java:288)at org.junit.runners.ParentRunner.access$000(ParentRunner.java:58)at org.junit.runners.ParentRunner$2.evaluate(ParentRunner.java:268)at org.junit.internal.runners.statements.RunBefores.evaluate(RunBefores.java:26)at org.junit.runners.ParentRunner.run(ParentRunner.java:363)at org.junit.runners.Suite.runChild(Suite.java:128)at org.junit.runners.Suite.runChild(Suite.java:27)at org.junit.runners.ParentRunner$3.run(ParentRunner.java:290)at org.junit.runners.ParentRunner$1.schedule(ParentRunner.java:71)at org.junit.runners.ParentRunner.runChildren(ParentRunner.java:288)at org.junit.runners.ParentRunner.access$000(ParentRunner.java:58)at org.junit.runners.ParentRunner$2.evaluate(ParentRunner.java:268)at org.junit.runners.ParentRunner.run(ParentRunner.java:363)at org.apache.maven.surefire.junit4.JUnit4Provider.execute(JUnit4Provider.java:252)at org.apache.maven.surefire.junit4.JUnit4Provider.executeTestSet(JUnit4Provider.java:141)at org.apache.maven.surefire.junit4.JUnit4Provider.invoke(JUnit4Provider.java:112)at sun.reflect.NativeMethodAccessorImpl.invoke0(Native Method)at sun.reflect.NativeMethodAccessorImpl.invoke(NativeMethodAccessorImpl.java:57)at sun.reflect.DelegatingMethodAccessorImpl.invoke(DelegatingMethodAccessorImpl.java:43)at java.lang.reflect.Method.invoke(Method.java:606)at org.apache.maven.surefire.util.ReflectionUtils.invokeMethodWithArray(ReflectionUtils.java:189)at org.apache.maven.surefire.booter.ProviderFactory$ProviderProxy.invoke(ProviderFactory.java:165)at org.apache.maven.surefire.booter.ProviderFactory.invokeProvider(ProviderFactory.java:85)at org.apache.maven.surefire.booter.ForkedBooter.runSuitesInProcess(ForkedBooter.java:115)at org.apache.maven.surefire.booter.ForkedBooter.main(ForkedBooter.java:75)</pre></div></div></td>
<td></td></tr>
<tr class="b">
<td><img src="images/icon_success_sml.gif" alt="" /></td>
<td>test_Title_Validation[Iteration # 15 : exp: Transmag BLDC; act: Transmag BLDC]</td>
<td>0</td></tr>
<tr class="a">
<td><img src="images/icon_success_sml.gif" alt="" /></td>
<td>test_Title_Validation[Iteration # 16 : exp: Apple; act: Apple]</td>
<td>0</td></tr>
<tr class="b">
<td><a href="#core.TVTest.test_Title_ValidationIteration__17_:_exp:_GitHub_act:_GitHub__Where_software_is_built"><img src="images/icon_error_sml.gif" alt="" /></a></td>
<td><a href="#core.TVTest.test_Title_ValidationIteration__17_:_exp:_GitHub_act:_GitHub__Where_software_is_built">test_Title_Validation[Iteration # 17 : exp: GitHub; act: GitHub &#xb7; Where software is built]</a>
<div class="detailToggle" style="display:inline"><a href="javascript:toggleDisplay(&apos;core.TVTest.test_Title_ValidationIteration__17_:_exp:_GitHub_act:_GitHub__Where_software_is_built&apos;);"><span style="display:inline;" id="core.TVTest.test_Title_ValidationIteration__17_:_exp:_GitHub_act:_GitHub__Where_software_is_builtoff"> + </span><span style="display:none;" id="core.TVTest.test_Title_ValidationIteration__17_:_exp:_GitHub_act:_GitHub__Where_software_is_builton"> - </span>[ Detail ]</a></div></td>
<td>0</td></tr>
<tr class="a">
<td></td>
<td>FAILED expected:&lt;GitHub[]&gt; but was:&lt;GitHub[ &#xb7; Where software is built]&gt;</td>
<td></td></tr>
<tr class="b">
<td></td>
<td>
<div id="core.TVTest.test_Title_ValidationIteration__17_:_exp:_GitHub_act:_GitHub__Where_software_is_builterror" style="display:none;">
<div>
<pre>org.junit.ComparisonFailure: FAILED expected:&lt;GitHub[]&gt; but was:&lt;GitHub[ &#xb7; Where software is built]&gt;at org.junit.Assert.assertEquals(Assert.java:115)at core.TVTest.test_Title_Validation(TVTest.java:49)at sun.reflect.GeneratedMethodAccessor1.invoke(Unknown Source)at sun.reflect.DelegatingMethodAccessorImpl.invoke(DelegatingMethodAccessorImpl.java:43)at java.lang.reflect.Method.invoke(Method.java:606)at org.junit.runners.model.FrameworkMethod$1.runReflectiveCall(FrameworkMethod.java:50)at org.junit.internal.runners.model.ReflectiveCallable.run(ReflectiveCallable.java:12)at org.junit.runners.model.FrameworkMethod.invokeExplosively(FrameworkMethod.java:47)at org.junit.internal.runners.statements.InvokeMethod.evaluate(InvokeMethod.java:17)at org.junit.runners.ParentRunner.runLeaf(ParentRunner.java:325)at org.junit.runners.BlockJUnit4ClassRunner.runChild(BlockJUnit4ClassRunner.java:78)at org.junit.runners.BlockJUnit4ClassRunner.runChild(BlockJUnit4ClassRunner.java:57)at org.junit.runners.ParentRunner$3.run(ParentRunner.java:290)at org.junit.runners.ParentRunner$1.schedule(ParentRunner.java:71)at org.junit.runners.ParentRunner.runChildren(ParentRunner.java:288)at org.junit.runners.ParentRunner.access$000(ParentRunner.java:58)at org.junit.runners.ParentRunner$2.evaluate(ParentRunner.java:268)at org.junit.runners.ParentRunner.run(ParentRunner.java:363)at org.junit.runners.Suite.runChild(Suite.java:128)at org.junit.runners.Suite.runChild(Suite.java:27)at org.junit.runners.ParentRunner$3.run(ParentRunner.java:290)at org.junit.runners.ParentRunner$1.schedule(ParentRunner.java:71)at org.junit.runners.ParentRunner.runChildren(ParentRunner.java:288)at org.junit.runners.ParentRunner.access$000(ParentRunner.java:58)at org.junit.runners.ParentRunner$2.evaluate(ParentRunner.java:268)at org.junit.internal.runners.statements.RunBefores.evaluate(RunBefores.java:26)at org.junit.runners.ParentRunner.run(ParentRunner.java:363)at org.junit.runners.Suite.runChild(Suite.java:128)at org.junit.runners.Suite.runChild(Suite.java:27)at org.junit.runners.ParentRunner$3.run(ParentRunner.java:290)at org.junit.runners.ParentRunner$1.schedule(ParentRunner.java:71)at org.junit.runners.ParentRunner.runChildren(ParentRunner.java:288)at org.junit.runners.ParentRunner.access$000(ParentRunner.java:58)at org.junit.runners.ParentRunner$2.evaluate(ParentRunner.java:268)at org.junit.runners.ParentRunner.run(ParentRunner.java:363)at org.apache.maven.surefire.junit4.JUnit4Provider.execute(JUnit4Provider.java:252)at org.apache.maven.surefire.junit4.JUnit4Provider.executeTestSet(JUnit4Provider.java:141)at org.apache.maven.surefire.junit4.JUnit4Provider.invoke(JUnit4Provider.java:112)at sun.reflect.NativeMethodAccessorImpl.invoke0(Native Method)at sun.reflect.NativeMethodAccessorImpl.invoke(NativeMethodAccessorImpl.java:57)at sun.reflect.DelegatingMethodAccessorImpl.invoke(DelegatingMethodAccessorImpl.java:43)at java.lang.reflect.Method.invoke(Method.java:606)at org.apache.maven.surefire.util.ReflectionUtils.invokeMethodWithArray(ReflectionUtils.java:189)at org.apache.maven.surefire.booter.ProviderFactory$ProviderProxy.invoke(ProviderFactory.java:165)at org.apache.maven.surefire.booter.ProviderFactory.invokeProvider(ProviderFactory.java:85)at org.apache.maven.surefire.booter.ForkedBooter.runSuitesInProcess(ForkedBooter.java:115)at org.apache.maven.surefire.booter.ForkedBooter.main(ForkedBooter.java:75)</pre></div></div></td>
<td></td></tr>
<tr class="a">
<td><a href="#core.TVTest.test_Title_ValidationIteration__18_:_exp:_Pacific_Swimming_USA_Swimming_Association_act:_Pacific_Swimming__USA_Swimming_Association"><img src="images/icon_error_sml.gif" alt="" /></a></td>
<td><a href="#core.TVTest.test_Title_ValidationIteration__18_:_exp:_Pacific_Swimming_USA_Swimming_Association_act:_Pacific_Swimming__USA_Swimming_Association">test_Title_Validation[Iteration # 18 : exp: Pacific Swimming |USA Swimming Association; act: Pacific Swimming | USA Swimming Association]</a>
<div class="detailToggle" style="display:inline"><a href="javascript:toggleDisplay(&apos;core.TVTest.test_Title_ValidationIteration__18_:_exp:_Pacific_Swimming_USA_Swimming_Association_act:_Pacific_Swimming__USA_Swimming_Association&apos;);"><span style="display:inline;" id="core.TVTest.test_Title_ValidationIteration__18_:_exp:_Pacific_Swimming_USA_Swimming_Association_act:_Pacific_Swimming__USA_Swimming_Associationoff"> + </span><span style="display:none;" id="core.TVTest.test_Title_ValidationIteration__18_:_exp:_Pacific_Swimming_USA_Swimming_Association_act:_Pacific_Swimming__USA_Swimming_Associationon"> - </span>[ Detail ]</a></div></td>
<td>0</td></tr>
<tr class="b">
<td></td>
<td>FAILED expected:&lt;Pacific Swimming |[]USA Swimming Associa...&gt; but was:&lt;Pacific Swimming |[ ]USA Swimming Associa...&gt;</td>
<td></td></tr>
<tr class="a">
<td></td>
<td>
<div id="core.TVTest.test_Title_ValidationIteration__18_:_exp:_Pacific_Swimming_USA_Swimming_Association_act:_Pacific_Swimming__USA_Swimming_Associationerror" style="display:none;">
<div>
<pre>org.junit.ComparisonFailure: FAILED expected:&lt;Pacific Swimming |[]USA Swimming Associa...&gt; but was:&lt;Pacific Swimming |[ ]USA Swimming Associa...&gt;at org.junit.Assert.assertEquals(Assert.java:115)at core.TVTest.test_Title_Validation(TVTest.java:49)at sun.reflect.GeneratedMethodAccessor1.invoke(Unknown Source)at sun.reflect.DelegatingMethodAccessorImpl.invoke(DelegatingMethodAccessorImpl.java:43)at java.lang.reflect.Method.invoke(Method.java:606)at org.junit.runners.model.FrameworkMethod$1.runReflectiveCall(FrameworkMethod.java:50)at org.junit.internal.runners.model.ReflectiveCallable.run(ReflectiveCallable.java:12)at org.junit.runners.model.FrameworkMethod.invokeExplosively(FrameworkMethod.java:47)at org.junit.internal.runners.statements.InvokeMethod.evaluate(InvokeMethod.java:17)at org.junit.runners.ParentRunner.runLeaf(ParentRunner.java:325)at org.junit.runners.BlockJUnit4ClassRunner.runChild(BlockJUnit4ClassRunner.java:78)at org.junit.runners.BlockJUnit4ClassRunner.runChild(BlockJUnit4ClassRunner.java:57)at org.junit.runners.ParentRunner$3.run(ParentRunner.java:290)at org.junit.runners.ParentRunner$1.schedule(ParentRunner.java:71)at org.junit.runners.ParentRunner.runChildren(ParentRunner.java:288)at org.junit.runners.ParentRunner.access$000(ParentRunner.java:58)at org.junit.runners.ParentRunner$2.evaluate(ParentRunner.java:268)at org.junit.runners.ParentRunner.run(ParentRunner.java:363)at org.junit.runners.Suite.runChild(Suite.java:128)at org.junit.runners.Suite.runChild(Suite.java:27)at org.junit.runners.ParentRunner$3.run(ParentRunner.java:290)at org.junit.runners.ParentRunner$1.schedule(ParentRunner.java:71)at org.junit.runners.ParentRunner.runChildren(ParentRunner.java:288)at org.junit.runners.ParentRunner.access$000(ParentRunner.java:58)at org.junit.runners.ParentRunner$2.evaluate(ParentRunner.java:268)at org.junit.internal.runners.statements.RunBefores.evaluate(RunBefores.java:26)at org.junit.runners.ParentRunner.run(ParentRunner.java:363)at org.junit.runners.Suite.runChild(Suite.java:128)at org.junit.runners.Suite.runChild(Suite.java:27)at org.junit.runners.ParentRunner$3.run(ParentRunner.java:290)at org.junit.runners.ParentRunner$1.schedule(ParentRunner.java:71)at org.junit.runners.ParentRunner.runChildren(ParentRunner.java:288)at org.junit.runners.ParentRunner.access$000(ParentRunner.java:58)at org.junit.runners.ParentRunner$2.evaluate(ParentRunner.java:268)at org.junit.runners.ParentRunner.run(ParentRunner.java:363)at org.apache.maven.surefire.junit4.JUnit4Provider.execute(JUnit4Provider.java:252)at org.apache.maven.surefire.junit4.JUnit4Provider.executeTestSet(JUnit4Provider.java:141)at org.apache.maven.surefire.junit4.JUnit4Provider.invoke(JUnit4Provider.java:112)at sun.reflect.NativeMethodAccessorImpl.invoke0(Native Method)at sun.reflect.NativeMethodAccessorImpl.invoke(NativeMethodAccessorImpl.java:57)at sun.reflect.DelegatingMethodAccessorImpl.invoke(DelegatingMethodAccessorImpl.java:43)at java.lang.reflect.Method.invoke(Method.java:606)at org.apache.maven.surefire.util.ReflectionUtils.invokeMethodWithArray(ReflectionUtils.java:189)at org.apache.maven.surefire.booter.ProviderFactory$ProviderProxy.invoke(ProviderFactory.java:165)at org.apache.maven.surefire.booter.ProviderFactory.invokeProvider(ProviderFactory.java:85)at org.apache.maven.surefire.booter.ForkedBooter.runSuitesInProcess(ForkedBooter.java:115)at org.apache.maven.surefire.booter.ForkedBooter.main(ForkedBooter.java:75)</pre></div></div></td>
<td></td></tr>
<tr class="b">
<td><img src="images/icon_success_sml.gif" alt="" /></td>
<td>test_Title_Validation[Iteration # 19 : exp: USA Swimming - Home; act: USA Swimming - Home]</td>
<td>0</td></tr>
<tr class="a">
<td><a href="#core.TVTest.test_Title_ValidationIteration__20_:_exp:_learn2learn_act:_learn2learn____"><img src="images/icon_error_sml.gif" alt="" /></a></td>
<td><a href="#core.TVTest.test_Title_ValidationIteration__20_:_exp:_learn2learn_act:_learn2learn____">test_Title_Validation[Iteration # 20 : exp: learn2learn; act: learn2learn | &#x424;&#x438;&#x437;&#x438;&#x43a;&#x430;, &#x41b;&#x438;&#x440;&#x438;&#x43a;&#x430;, &#x42d;&#x43a;&#x43e;&#x43d;&#x43e;&#x43c;&#x438;&#x43a;&#x430;]</a>
<div class="detailToggle" style="display:inline"><a href="javascript:toggleDisplay(&apos;core.TVTest.test_Title_ValidationIteration__20_:_exp:_learn2learn_act:_learn2learn____&apos;);"><span style="display:inline;" id="core.TVTest.test_Title_ValidationIteration__20_:_exp:_learn2learn_act:_learn2learn____off"> + </span><span style="display:none;" id="core.TVTest.test_Title_ValidationIteration__20_:_exp:_learn2learn_act:_learn2learn____on"> - </span>[ Detail ]</a></div></td>
<td>0</td></tr>
<tr class="b">
<td></td>
<td>FAILED expected:&lt;learn2learn[]&gt; but was:&lt;learn2learn[ | &#x424;&#x438;&#x437;&#x438;&#x43a;&#x430;, &#x41b;&#x438;&#x440;&#x438;&#x43a;&#x430;, &#x42d;&#x43a;&#x43e;&#x43d;&#x43e;&#x43c;&#x438;&#x43a;&#x430;]&gt;</td>
<td></td></tr>
<tr class="a">
<td></td>
<td>
<div id="core.TVTest.test_Title_ValidationIteration__20_:_exp:_learn2learn_act:_learn2learn____error" style="display:none;">
<div>
<pre>org.junit.ComparisonFailure: FAILED expected:&lt;learn2learn[]&gt; but was:&lt;learn2learn[ | &#x424;&#x438;&#x437;&#x438;&#x43a;&#x430;, &#x41b;&#x438;&#x440;&#x438;&#x43a;&#x430;, &#x42d;&#x43a;&#x43e;&#x43d;&#x43e;&#x43c;&#x438;&#x43a;&#x430;]&gt;at org.junit.Assert.assertEquals(Assert.java:115)at core.TVTest.test_Title_Validation(TVTest.java:49)at sun.reflect.GeneratedMethodAccessor1.invoke(Unknown Source)at sun.reflect.DelegatingMethodAccessorImpl.invoke(DelegatingMethodAccessorImpl.java:43)at java.lang.reflect.Method.invoke(Method.java:606)at org.junit.runners.model.FrameworkMethod$1.runReflectiveCall(FrameworkMethod.java:50)at org.junit.internal.runners.model.ReflectiveCallable.run(ReflectiveCallable.java:12)at org.junit.runners.model.FrameworkMethod.invokeExplosively(FrameworkMethod.java:47)at org.junit.internal.runners.statements.InvokeMethod.evaluate(InvokeMethod.java:17)at org.junit.runners.ParentRunner.runLeaf(ParentRunner.java:325)at org.junit.runners.BlockJUnit4ClassRunner.runChild(BlockJUnit4ClassRunner.java:78)at org.junit.runners.BlockJUnit4ClassRunner.runChild(BlockJUnit4ClassRunner.java:57)at org.junit.runners.ParentRunner$3.run(ParentRunner.java:290)at org.junit.runners.ParentRunner$1.schedule(ParentRunner.java:71)at org.junit.runners.ParentRunner.runChildren(ParentRunner.java:288)at org.junit.runners.ParentRunner.access$000(ParentRunner.java:58)at org.junit.runners.ParentRunner$2.evaluate(ParentRunner.java:268)at org.junit.runners.ParentRunner.run(ParentRunner.java:363)at org.junit.runners.Suite.runChild(Suite.java:128)at org.junit.runners.Suite.runChild(Suite.java:27)at org.junit.runners.ParentRunner$3.run(ParentRunner.java:290)at org.junit.runners.ParentRunner$1.schedule(ParentRunner.java:71)at org.junit.runners.ParentRunner.runChildren(ParentRunner.java:288)at org.junit.runners.ParentRunner.access$000(ParentRunner.java:58)at org.junit.runners.ParentRunner$2.evaluate(ParentRunner.java:268)at org.junit.internal.runners.statements.RunBefores.evaluate(RunBefores.java:26)at org.junit.runners.ParentRunner.run(ParentRunner.java:363)at org.junit.runners.Suite.runChild(Suite.java:128)at org.junit.runners.Suite.runChild(Suite.java:27)at org.junit.runners.ParentRunner$3.run(ParentRunner.java:290)at org.junit.runners.ParentRunner$1.schedule(ParentRunner.java:71)at org.junit.runners.ParentRunner.runChildren(ParentRunner.java:288)at org.junit.runners.ParentRunner.access$000(ParentRunner.java:58)at org.junit.runners.ParentRunner$2.evaluate(ParentRunner.java:268)at org.junit.runners.ParentRunner.run(ParentRunner.java:363)at org.apache.maven.surefire.junit4.JUnit4Provider.execute(JUnit4Provider.java:252)at org.apache.maven.surefire.junit4.JUnit4Provider.executeTestSet(JUnit4Provider.java:141)at org.apache.maven.surefire.junit4.JUnit4Provider.invoke(JUnit4Provider.java:112)at sun.reflect.NativeMethodAccessorImpl.invoke0(Native Method)at sun.reflect.NativeMethodAccessorImpl.invoke(NativeMethodAccessorImpl.java:57)at sun.reflect.DelegatingMethodAccessorImpl.invoke(DelegatingMethodAccessorImpl.java:43)at java.lang.reflect.Method.invoke(Method.java:606)at org.apache.maven.surefire.util.ReflectionUtils.invokeMethodWithArray(ReflectionUtils.java:189)at org.apache.maven.surefire.booter.ProviderFactory$ProviderProxy.invoke(ProviderFactory.java:165)at org.apache.maven.surefire.booter.ProviderFactory.invokeProvider(ProviderFactory.java:85)at org.apache.maven.surefire.booter.ForkedBooter.runSuitesInProcess(ForkedBooter.java:115)at org.apache.maven.surefire.booter.ForkedBooter.main(ForkedBooter.java:75)</pre></div></div></td>
<td></td></tr>
<tr class="b">
<td><a href="#core.TVTest.test_Title_ValidationIteration__21_:_exp:_CVS_pharmacy_-_Online_Pharmacy_act:_CVS_pharmacy_-_Online_Pharmacy_-_Shop_for_Wellness_and_Beauty_Products"><img src="images/icon_error_sml.gif" alt="" /></a></td>
<td><a href="#core.TVTest.test_Title_ValidationIteration__21_:_exp:_CVS_pharmacy_-_Online_Pharmacy_act:_CVS_pharmacy_-_Online_Pharmacy_-_Shop_for_Wellness_and_Beauty_Products">test_Title_Validation[Iteration # 21 : exp: CVS pharmacy - Online Pharmacy; act: CVS pharmacy - Online Pharmacy - Shop for Wellness and Beauty Products]</a>
<div class="detailToggle" style="display:inline"><a href="javascript:toggleDisplay(&apos;core.TVTest.test_Title_ValidationIteration__21_:_exp:_CVS_pharmacy_-_Online_Pharmacy_act:_CVS_pharmacy_-_Online_Pharmacy_-_Shop_for_Wellness_and_Beauty_Products&apos;);"><span style="display:inline;" id="core.TVTest.test_Title_ValidationIteration__21_:_exp:_CVS_pharmacy_-_Online_Pharmacy_act:_CVS_pharmacy_-_Online_Pharmacy_-_Shop_for_Wellness_and_Beauty_Productsoff"> + </span><span style="display:none;" id="core.TVTest.test_Title_ValidationIteration__21_:_exp:_CVS_pharmacy_-_Online_Pharmacy_act:_CVS_pharmacy_-_Online_Pharmacy_-_Shop_for_Wellness_and_Beauty_Productson"> - </span>[ Detail ]</a></div></td>
<td>0</td></tr>
<tr class="a">
<td></td>
<td>FAILED expected:&lt;...cy - Online Pharmacy[]&gt; but was:&lt;...cy - Online Pharmacy[ - Shop for Wellness and Beauty Products]&gt;</td>
<td></td></tr>
<tr class="b">
<td></td>
<td>
<div id="core.TVTest.test_Title_ValidationIteration__21_:_exp:_CVS_pharmacy_-_Online_Pharmacy_act:_CVS_pharmacy_-_Online_Pharmacy_-_Shop_for_Wellness_and_Beauty_Productserror" style="display:none;">
<div>
<pre>org.junit.ComparisonFailure: FAILED expected:&lt;...cy - Online Pharmacy[]&gt; but was:&lt;...cy - Online Pharmacy[ - Shop for Wellness and Beauty Products]&gt;at org.junit.Assert.assertEquals(Assert.java:115)at core.TVTest.test_Title_Validation(TVTest.java:49)at sun.reflect.GeneratedMethodAccessor1.invoke(Unknown Source)at sun.reflect.DelegatingMethodAccessorImpl.invoke(DelegatingMethodAccessorImpl.java:43)at java.lang.reflect.Method.invoke(Method.java:606)at org.junit.runners.model.FrameworkMethod$1.runReflectiveCall(FrameworkMethod.java:50)at org.junit.internal.runners.model.ReflectiveCallable.run(ReflectiveCallable.java:12)at org.junit.runners.model.FrameworkMethod.invokeExplosively(FrameworkMethod.java:47)at org.junit.internal.runners.statements.InvokeMethod.evaluate(InvokeMethod.java:17)at org.junit.runners.ParentRunner.runLeaf(ParentRunner.java:325)at org.junit.runners.BlockJUnit4ClassRunner.runChild(BlockJUnit4ClassRunner.java:78)at org.junit.runners.BlockJUnit4ClassRunner.runChild(BlockJUnit4ClassRunner.java:57)at org.junit.runners.ParentRunner$3.run(ParentRunner.java:290)at org.junit.runners.ParentRunner$1.schedule(ParentRunner.java:71)at org.junit.runners.ParentRunner.runChildren(ParentRunner.java:288)at org.junit.runners.ParentRunner.access$000(ParentRunner.java:58)at org.junit.runners.ParentRunner$2.evaluate(ParentRunner.java:268)at org.junit.runners.ParentRunner.run(ParentRunner.java:363)at org.junit.runners.Suite.runChild(Suite.java:128)at org.junit.runners.Suite.runChild(Suite.java:27)at org.junit.runners.ParentRunner$3.run(ParentRunner.java:290)at org.junit.runners.ParentRunner$1.schedule(ParentRunner.java:71)at org.junit.runners.ParentRunner.runChildren(ParentRunner.java:288)at org.junit.runners.ParentRunner.access$000(ParentRunner.java:58)at org.junit.runners.ParentRunner$2.evaluate(ParentRunner.java:268)at org.junit.internal.runners.statements.RunBefores.evaluate(RunBefores.java:26)at org.junit.runners.ParentRunner.run(ParentRunner.java:363)at org.junit.runners.Suite.runChild(Suite.java:128)at org.junit.runners.Suite.runChild(Suite.java:27)at org.junit.runners.ParentRunner$3.run(ParentRunner.java:290)at org.junit.runners.ParentRunner$1.schedule(ParentRunner.java:71)at org.junit.runners.ParentRunner.runChildren(ParentRunner.java:288)at org.junit.runners.ParentRunner.access$000(ParentRunner.java:58)at org.junit.runners.ParentRunner$2.evaluate(ParentRunner.java:268)at org.junit.runners.ParentRunner.run(ParentRunner.java:363)at org.apache.maven.surefire.junit4.JUnit4Provider.execute(JUnit4Provider.java:252)at org.apache.maven.surefire.junit4.JUnit4Provider.executeTestSet(JUnit4Provider.java:141)at org.apache.maven.surefire.junit4.JUnit4Provider.invoke(JUnit4Provider.java:112)at sun.reflect.NativeMethodAccessorImpl.invoke0(Native Method)at sun.reflect.NativeMethodAccessorImpl.invoke(NativeMethodAccessorImpl.java:57)at sun.reflect.DelegatingMethodAccessorImpl.invoke(DelegatingMethodAccessorImpl.java:43)at java.lang.reflect.Method.invoke(Method.java:606)at org.apache.maven.surefire.util.ReflectionUtils.invokeMethodWithArray(ReflectionUtils.java:189)at org.apache.maven.surefire.booter.ProviderFactory$ProviderProxy.invoke(ProviderFactory.java:165)at org.apache.maven.surefire.booter.ProviderFactory.invokeProvider(ProviderFactory.java:85)at org.apache.maven.surefire.booter.ForkedBooter.runSuitesInProcess(ForkedBooter.java:115)at org.apache.maven.surefire.booter.ForkedBooter.main(ForkedBooter.java:75)</pre></div></div></td>
<td></td></tr>
<tr class="a">
<td><img src="images/icon_success_sml.gif" alt="" /></td>
<td>test_Title_Validation[Iteration # 22 : exp: Bing; act: Bing]</td>
<td>0</td></tr>
<tr class="b">
<td><a href="#core.TVTest.test_Title_ValidationIteration__23_:_exp:__act:_"><img src="images/icon_error_sml.gif" alt="" /></a></td>
<td><a href="#core.TVTest.test_Title_ValidationIteration__23_:_exp:__act:_">test_Title_Validation[Iteration # 23 : exp: &#x420;&#x407;&#x420;&#x405;&#x420;&#x491;&#x420;&#xb5;&#x420;&#x454;&#x421;&#x403;; act: &#x42f;&#x43d;&#x434;&#x435;&#x43a;&#x441;]</a>
<div class="detailToggle" style="display:inline"><a href="javascript:toggleDisplay(&apos;core.TVTest.test_Title_ValidationIteration__23_:_exp:__act:_&apos;);"><span style="display:inline;" id="core.TVTest.test_Title_ValidationIteration__23_:_exp:__act:_off"> + </span><span style="display:none;" id="core.TVTest.test_Title_ValidationIteration__23_:_exp:__act:_on"> - </span>[ Detail ]</a></div></td>
<td>0.016</td></tr>
<tr class="a">
<td></td>
<td>FAILED expected:&lt;[&#x420;&#x407;&#x420;&#x405;&#x420;&#x491;&#x420;&#xb5;&#x420;&#x454;&#x421;&#x403;]&gt; but was:&lt;[&#x42f;&#x43d;&#x434;&#x435;&#x43a;&#x441;]&gt;</td>
<td></td></tr>
<tr class="b">
<td></td>
<td>
<div id="core.TVTest.test_Title_ValidationIteration__23_:_exp:__act:_error" style="display:none;">
<div>
<pre>org.junit.ComparisonFailure: FAILED expected:&lt;[&#x420;&#x407;&#x420;&#x405;&#x420;&#x491;&#x420;&#xb5;&#x420;&#x454;&#x421;&#x403;]&gt; but was:&lt;[&#x42f;&#x43d;&#x434;&#x435;&#x43a;&#x441;]&gt;at org.junit.Assert.assertEquals(Assert.java:115)at core.TVTest.test_Title_Validation(TVTest.java:49)at sun.reflect.GeneratedMethodAccessor1.invoke(Unknown Source)at sun.reflect.DelegatingMethodAccessorImpl.invoke(DelegatingMethodAccessorImpl.java:43)at java.lang.reflect.Method.invoke(Method.java:606)at org.junit.runners.model.FrameworkMethod$1.runReflectiveCall(FrameworkMethod.java:50)at org.junit.internal.runners.model.ReflectiveCallable.run(ReflectiveCallable.java:12)at org.junit.runners.model.FrameworkMethod.invokeExplosively(FrameworkMethod.java:47)at org.junit.internal.runners.statements.InvokeMethod.evaluate(InvokeMethod.java:17)at org.junit.runners.ParentRunner.runLeaf(ParentRunner.java:325)at org.junit.runners.BlockJUnit4ClassRunner.runChild(BlockJUnit4ClassRunner.java:78)at org.junit.runners.BlockJUnit4ClassRunner.runChild(BlockJUnit4ClassRunner.java:57)at org.junit.runners.ParentRunner$3.run(ParentRunner.java:290)at org.junit.runners.ParentRunner$1.schedule(ParentRunner.java:71)at org.junit.runners.ParentRunner.runChildren(ParentRunner.java:288)at org.junit.runners.ParentRunner.access$000(ParentRunner.java:58)at org.junit.runners.ParentRunner$2.evaluate(ParentRunner.java:268)at org.junit.runners.ParentRunner.run(ParentRunner.java:363)at org.junit.runners.Suite.runChild(Suite.java:128)at org.junit.runners.Suite.runChild(Suite.java:27)at org.junit.runners.ParentRunner$3.run(ParentRunner.java:290)at org.junit.runners.ParentRunner$1.schedule(ParentRunner.java:71)at org.junit.runners.ParentRunner.runChildren(ParentRunner.java:288)at org.junit.runners.ParentRunner.access$000(ParentRunner.java:58)at org.junit.runners.ParentRunner$2.evaluate(ParentRunner.java:268)at org.junit.internal.runners.statements.RunBefores.evaluate(RunBefores.java:26)at org.junit.runners.ParentRunner.run(ParentRunner.java:363)at org.junit.runners.Suite.runChild(Suite.java:128)at org.junit.runners.Suite.runChild(Suite.java:27)at org.junit.runners.ParentRunner$3.run(ParentRunner.java:290)at org.junit.runners.ParentRunner$1.schedule(ParentRunner.java:71)at org.junit.runners.ParentRunner.runChildren(ParentRunner.java:288)at org.junit.runners.ParentRunner.access$000(ParentRunner.java:58)at org.junit.runners.ParentRunner$2.evaluate(ParentRunner.java:268)at org.junit.runners.ParentRunner.run(ParentRunner.java:363)at org.apache.maven.surefire.junit4.JUnit4Provider.execute(JUnit4Provider.java:252)at org.apache.maven.surefire.junit4.JUnit4Provider.executeTestSet(JUnit4Provider.java:141)at org.apache.maven.surefire.junit4.JUnit4Provider.invoke(JUnit4Provider.java:112)at sun.reflect.NativeMethodAccessorImpl.invoke0(Native Method)at sun.reflect.NativeMethodAccessorImpl.invoke(NativeMethodAccessorImpl.java:57)at sun.reflect.DelegatingMethodAccessorImpl.invoke(DelegatingMethodAccessorImpl.java:43)at java.lang.reflect.Method.invoke(Method.java:606)at org.apache.maven.surefire.util.ReflectionUtils.invokeMethodWithArray(ReflectionUtils.java:189)at org.apache.maven.surefire.booter.ProviderFactory$ProviderProxy.invoke(ProviderFactory.java:165)at org.apache.maven.surefire.booter.ProviderFactory.invokeProvider(ProviderFactory.java:85)at org.apache.maven.surefire.booter.ForkedBooter.runSuitesInProcess(ForkedBooter.java:115)at org.apache.maven.surefire.booter.ForkedBooter.main(ForkedBooter.java:75)</pre></div></div></td>
<td></td></tr>
<tr class="a">
<td><img src="images/icon_success_sml.gif" alt="" /></td>
<td>test_Title_Validation[Iteration # 24 : exp: Wikipedia; act: Wikipedia]</td>
<td>0</td></tr></table></div><br /></div>
<div class="section">
<h2>Failure Details<a name="Failure_Details"></a></h2><a name="Failure_Details"></a>
<p>[<a href="#Summary">Summary</a>] [<a href="#Package_List">Package List</a>] [<a href="#Test_Cases">Test Cases</a>]</p><br />
<table border="1" class="bodyTable">
<tr class="a">
<td><img src="images/icon_error_sml.gif" alt="" /></td>
<td><a name="core.TVTest.test_Title_ValidationIteration__2_:_exp:_Banking_act:_Banking_Credit_Cards_Lending__Investing_-_Citibank_-_Citibank"></a>test_Title_Validation[Iteration # 2 : exp: Banking; act: Banking, Credit Cards, Lending &amp; Investing - Citibank&#xae; - Citibank]</td></tr>
<tr class="b">
<td></td>
<td>org.junit.ComparisonFailure: FAILED expected:&lt;Banking[]&gt; but was:&lt;Banking[, Credit Cards, Lending &amp; Investing - Citibank&#xae; - Citibank]&gt;</td></tr>                                                                                                                                                                                                
<tr class="a">
<td></td>
<td>
<div id="test_Title_Validation[Iteration # 2 : exp: Banking; act: Banking, Credit Cards, Lending &amp; Investing - Citibank&#xae; - Citibank]error">core.TVTest:</div></td></tr>
<tr class="b">
<td><img src="images/icon_error_sml.gif" alt="" /></td>
<td><a name="core.TVTest.test_Title_ValidationIteration__4_:_exp:_Shop_Clothes_For_Women_Men_Baby_and_Kids__Free_Ship_on_0__Gap_act:_Shop_Clothes_For_Women_Men_Baby_and_Kids__Free_Ship_on_50__Gap"></a>test_Title_Validation[Iteration # 4 : exp: Shop Clothes For Women Men Baby and Kids | Free Ship on 0 | Gap; act: Shop Clothes For Women, Men, Baby, and Kids | Free Ship on $50 | Gap]</td></tr>
<tr class="a">
<td></td>
<td>org.junit.ComparisonFailure: FAILED expected:&lt;...op Clothes For Women[ Men Baby and Kids | Free Ship on ]0 | Gap&gt; but was:&lt;...op Clothes For Women[, Men, Baby, and Kids | Free Ship on $5]0 | Gap&gt;</td></tr>                                                                                                                                                                                            
<tr class="b">
<td></td>
<td>
<div id="test_Title_Validation[Iteration # 4 : exp: Shop Clothes For Women Men Baby and Kids | Free Ship on 0 | Gap; act: Shop Clothes For Women, Men, Baby, and Kids | Free Ship on $50 | Gap]error">core.TVTest:</div></td></tr>
<tr class="a">
<td><img src="images/icon_error_sml.gif" alt="" /></td>
<td><a name="core.TVTest.test_Title_ValidationIteration__7_:_exp:_J.Crew:_Clothes_Shoes__Accessories_for_Women_Men__Kids_act:_J.Crew:_Clothes_Shoes__Accessories_for_Women_Men__Kids"></a>test_Title_Validation[Iteration # 7 : exp: J.Crew: Clothes Shoes &amp; Accessories for Women Men &amp; Kids; act: J.Crew: Clothes, Shoes &amp; Accessories for Women, Men &amp; Kids]</td></tr>
<tr class="b">
<td></td>
<td>org.junit.ComparisonFailure: FAILED expected:&lt;J.Crew: Clothes[ Shoes &amp; Accessories for Women] Men &amp; Kids&gt; but was:&lt;J.Crew: Clothes[, Shoes &amp; Accessories for Women,] Men &amp; Kids&gt;</td></tr>                                                                                                                                                                                                
<tr class="a">
<td></td>
<td>
<div id="test_Title_Validation[Iteration # 7 : exp: J.Crew: Clothes Shoes &amp; Accessories for Women Men &amp; Kids; act: J.Crew: Clothes, Shoes &amp; Accessories for Women, Men &amp; Kids]error">core.TVTest:</div></td></tr>
<tr class="b">
<td><img src="images/icon_error_sml.gif" alt="" /></td>
<td><a name="core.TVTest.test_Title_ValidationIteration__10_:_exp:_Mail.ru:______act:_Mail.Ru:______"></a>test_Title_Validation[Iteration # 10 : exp: Mail.ru:&#x420;&#x457;&#x420;&#x455;&#x421;&#x2021;&#x421;&#x201a;&#x420;&#xb0; &#x420;&#x457;&#x420;&#x455;&#x420;&#x451;&#x421;&#x403;&#x420;&#x454; &#x420;&#x406; &#x420;&#x451;&#x420;&#x405;&#x421;&#x201a;&#x420;&#xb5;&#x421;&#x402;&#x420;&#x405;&#x420;&#xb5;&#x421;&#x201a;&#x420;&#xb5; &#x420;&#x405;&#x420;&#x455;&#x420;&#x406;&#x420;&#x455;&#x421;&#x403;&#x421;&#x201a;&#x420;&#x451; &#x420;&#x451;&#x420;&#x456;&#x421;&#x402;&#x421;&#x2039;; act: Mail.Ru: &#x43f;&#x43e;&#x447;&#x442;&#x430;, &#x43f;&#x43e;&#x438;&#x441;&#x43a; &#x432; &#x438;&#x43d;&#x442;&#x435;&#x440;&#x43d;&#x435;&#x442;&#x435;, &#x43d;&#x43e;&#x432;&#x43e;&#x441;&#x442;&#x438;, &#x438;&#x433;&#x440;&#x44b;]</td></tr>
<tr class="a">
<td></td>
<td>org.junit.ComparisonFailure: FAILED expected:&lt;Mail.[ru:&#x420;&#x457;&#x420;&#x455;&#x421;&#x2021;&#x421;&#x201a;&#x420;&#xb0; &#x420;&#x457;&#x420;&#x455;&#x420;&#x451;&#x421;&#x403;&#x420;&#x454; &#x420;&#x406; &#x420;&#x451;&#x420;&#x405;&#x421;&#x201a;&#x420;&#xb5;&#x421;&#x402;&#x420;&#x405;&#x420;&#xb5;&#x421;&#x201a;&#x420;&#xb5; &#x420;&#x405;&#x420;&#x455;&#x420;&#x406;&#x420;&#x455;&#x421;&#x403;&#x421;&#x201a;&#x420;&#x451; &#x420;&#x451;&#x420;&#x456;&#x421;&#x402;&#x421;&#x2039;]&gt; but was:&lt;Mail.[Ru: &#x43f;&#x43e;&#x447;&#x442;&#x430;, &#x43f;&#x43e;&#x438;&#x441;&#x43a; &#x432; &#x438;&#x43d;&#x442;&#x435;&#x440;&#x43d;&#x435;&#x442;&#x435;, &#x43d;&#x43e;&#x432;&#x43e;&#x441;&#x442;&#x438;, &#x438;&#x433;&#x440;&#x44b;]&gt;</td></tr>
<tr class="b">
<td></td>
<td>
<div id="test_Title_Validation[Iteration # 10 : exp: Mail.ru:&#x420;&#x457;&#x420;&#x455;&#x421;&#x2021;&#x421;&#x201a;&#x420;&#xb0; &#x420;&#x457;&#x420;&#x455;&#x420;&#x451;&#x421;&#x403;&#x420;&#x454; &#x420;&#x406; &#x420;&#x451;&#x420;&#x405;&#x421;&#x201a;&#x420;&#xb5;&#x421;&#x402;&#x420;&#x405;&#x420;&#xb5;&#x421;&#x201a;&#x420;&#xb5; &#x420;&#x405;&#x420;&#x455;&#x420;&#x406;&#x420;&#x455;&#x421;&#x403;&#x421;&#x201a;&#x420;&#x451; &#x420;&#x451;&#x420;&#x456;&#x421;&#x402;&#x421;&#x2039;; act: Mail.Ru: &#x43f;&#x43e;&#x447;&#x442;&#x430;, &#x43f;&#x43e;&#x438;&#x441;&#x43a; &#x432; &#x438;&#x43d;&#x442;&#x435;&#x440;&#x43d;&#x435;&#x442;&#x435;, &#x43d;&#x43e;&#x432;&#x43e;&#x441;&#x442;&#x438;, &#x438;&#x433;&#x440;&#x44b;]error">core.TVTest:</div></td></tr>
<tr class="a">
<td><img src="images/icon_error_sml.gif" alt="" /></td>
<td><a name="core.TVTest.test_Title_ValidationIteration__13_:_exp:_Fox_News_-_Breaking_News_Up_act:_Fox_News_-_Breaking_News_Updates__Latest_News_Headlines__Photos__News_Videos"></a>test_Title_Validation[Iteration # 13 : exp: Fox News - Breaking News Up; act: Fox News - Breaking News Updates | Latest News Headlines | Photos &amp; News Videos]</td></tr>
<tr class="b">
<td></td>
<td>org.junit.ComparisonFailure: FAILED expected:&lt;...s - Breaking News Up[]&gt; but was:&lt;...s - Breaking News Up[dates | Latest News Headlines | Photos &amp; News Videos]&gt;</td></tr>                                                                                                                                                                                            
<tr class="a">
<td></td>
<td>
<div id="test_Title_Validation[Iteration # 13 : exp: Fox News - Breaking News Up; act: Fox News - Breaking News Updates | Latest News Headlines | Photos &amp; News Videos]error">core.TVTest:</div></td></tr>
<tr class="b">
<td><img src="images/icon_error_sml.gif" alt="" /></td>
<td><a name="core.TVTest.test_Title_ValidationIteration__14_:_exp:_Lib.Ru:____act:_Lib.Ru:___"></a>test_Title_Validation[Iteration # 14 : exp: Lib.Ru: &#x420;&#x2018;&#x420;&#x451;&#x420;&#xb1;&#x420;&#xbb;&#x420;&#x451;&#x420;&#x455;&#x421;&#x201a;&#x420;&#xb5;&#x420;&#x454;&#x420;&#xb0; &#x420;&#x45a;&#x420;&#xb0;&#x420;&#x454;&#x421;&#x403;&#x420;&#x451;&#x420;&#x458;&#x420;&#xb0; &#x420;&#x45a;&#x420;&#x455;&#x421;&#x20ac;&#x420;&#x454;&#x420;&#x455;&#x420;&#x406;&#x420;&#xb0;; act: Lib.Ru: &#x411;&#x438;&#x431;&#x43b;&#x438;&#x43e;&#x442;&#x435;&#x43a;&#x430; &#x41c;&#x430;&#x43a;&#x441;&#x438;&#x43c;&#x430; &#x41c;&#x43e;&#x448;&#x43a;&#x43e;&#x432;&#x430;]</td></tr>
<tr class="a">
<td></td>
<td>org.junit.ComparisonFailure: FAILED expected:&lt;Lib.Ru: [&#x420;&#x2018;&#x420;&#x451;&#x420;&#xb1;&#x420;&#xbb;&#x420;&#x451;&#x420;&#x455;&#x421;&#x201a;&#x420;&#xb5;&#x420;&#x454;&#x420;&#xb0; &#x420;&#x45a;&#x420;&#xb0;&#x420;&#x454;&#x421;&#x403;&#x420;&#x451;&#x420;&#x458;&#x420;&#xb0; &#x420;&#x45a;&#x420;&#x455;&#x421;&#x20ac;&#x420;&#x454;&#x420;&#x455;&#x420;&#x406;&#x420;&#xb0;]&gt; but was:&lt;Lib.Ru: [&#x411;&#x438;&#x431;&#x43b;&#x438;&#x43e;&#x442;&#x435;&#x43a;&#x430; &#x41c;&#x430;&#x43a;&#x441;&#x438;&#x43c;&#x430; &#x41c;&#x43e;&#x448;&#x43a;&#x43e;&#x432;&#x430;]&gt;</td></tr>                                                                                                                                                                                                
<tr class="b">
<td></td>
<td>
<div id="test_Title_Validation[Iteration # 14 : exp: Lib.Ru: &#x420;&#x2018;&#x420;&#x451;&#x420;&#xb1;&#x420;&#xbb;&#x420;&#x451;&#x420;&#x455;&#x421;&#x201a;&#x420;&#xb5;&#x420;&#x454;&#x420;&#xb0; &#x420;&#x45a;&#x420;&#xb0;&#x420;&#x454;&#x421;&#x403;&#x420;&#x451;&#x420;&#x458;&#x420;&#xb0; &#x420;&#x45a;&#x420;&#x455;&#x421;&#x20ac;&#x420;&#x454;&#x420;&#x455;&#x420;&#x406;&#x420;&#xb0;; act: Lib.Ru: &#x411;&#x438;&#x431;&#x43b;&#x438;&#x43e;&#x442;&#x435;&#x43a;&#x430; &#x41c;&#x430;&#x43a;&#x441;&#x438;&#x43c;&#x430; &#x41c;&#x43e;&#x448;&#x43a;&#x43e;&#x432;&#x430;]error">core.TVTest:</div></td></tr>
<tr class="a">
<td><img src="images/icon_error_sml.gif" alt="" /></td>
<td><a name="core.TVTest.test_Title_ValidationIteration__17_:_exp:_GitHub_act:_GitHub__Where_software_is_built"></a>test_Title_Validation[Iteration # 17 : exp: GitHub; act: GitHub &#xb7; Where software is built]</td></tr>
<tr class="b">
<td></td>
<td>org.junit.ComparisonFailure: FAILED expected:&lt;GitHub[]&gt; but was:&lt;GitHub[ &#xb7; Where software is built]&gt;</td></tr>                                                                                                                                                                                            
<tr class="a">
<td></td>
<td>
<div id="test_Title_Validation[Iteration # 17 : exp: GitHub; act: GitHub &#xb7; Where software is built]error">core.TVTest:</div></td></tr>
<tr class="b">
<td><img src="images/icon_error_sml.gif" alt="" /></td>
<td><a name="core.TVTest.test_Title_ValidationIteration__18_:_exp:_Pacific_Swimming_USA_Swimming_Association_act:_Pacific_Swimming__USA_Swimming_Association"></a>test_Title_Validation[Iteration # 18 : exp: Pacific Swimming |USA Swimming Association; act: Pacific Swimming | USA Swimming Association]</td></tr>
<tr class="a">
<td></td>
<td>org.junit.ComparisonFailure: FAILED expected:&lt;Pacific Swimming |[]USA Swimming Associa...&gt; but was:&lt;Pacific Swimming |[ ]USA Swimming Associa...&gt;</td></tr>                                                                                                                                                                                            
<tr class="b">
<td></td>
<td>
<div id="test_Title_Validation[Iteration # 18 : exp: Pacific Swimming |USA Swimming Association; act: Pacific Swimming | USA Swimming Association]error">core.TVTest:</div></td></tr>
<tr class="a">
<td><img src="images/icon_error_sml.gif" alt="" /></td>
<td><a name="core.TVTest.test_Title_ValidationIteration__20_:_exp:_learn2learn_act:_learn2learn____"></a>test_Title_Validation[Iteration # 20 : exp: learn2learn; act: learn2learn | &#x424;&#x438;&#x437;&#x438;&#x43a;&#x430;, &#x41b;&#x438;&#x440;&#x438;&#x43a;&#x430;, &#x42d;&#x43a;&#x43e;&#x43d;&#x43e;&#x43c;&#x438;&#x43a;&#x430;]</td></tr>
<tr class="b">
<td></td>
<td>org.junit.ComparisonFailure: FAILED expected:&lt;learn2learn[]&gt; but was:&lt;learn2learn[ | &#x424;&#x438;&#x437;&#x438;&#x43a;&#x430;, &#x41b;&#x438;&#x440;&#x438;&#x43a;&#x430;, &#x42d;&#x43a;&#x43e;&#x43d;&#x43e;&#x43c;&#x438;&#x43a;&#x430;]&gt;</td></tr>                                                                                                                                                                                            
<tr class="a">
<td></td>
<td>
<div id="test_Title_Validation[Iteration # 20 : exp: learn2learn; act: learn2learn | &#x424;&#x438;&#x437;&#x438;&#x43a;&#x430;, &#x41b;&#x438;&#x440;&#x438;&#x43a;&#x430;, &#x42d;&#x43a;&#x43e;&#x43d;&#x43e;&#x43c;&#x438;&#x43a;&#x430;]error">core.TVTest:</div></td></tr>
<tr class="b">
<td><img src="images/icon_error_sml.gif" alt="" /></td>
<td><a name="core.TVTest.test_Title_ValidationIteration__21_:_exp:_CVS_pharmacy_-_Online_Pharmacy_act:_CVS_pharmacy_-_Online_Pharmacy_-_Shop_for_Wellness_and_Beauty_Products"></a>test_Title_Validation[Iteration # 21 : exp: CVS pharmacy - Online Pharmacy; act: CVS pharmacy - Online Pharmacy - Shop for Wellness and Beauty Products]</td></tr>
<tr class="a">
<td></td>
<td>org.junit.ComparisonFailure: FAILED expected:&lt;...cy - Online Pharmacy[]&gt; but was:&lt;...cy - Online Pharmacy[ - Shop for Wellness and Beauty Products]&gt;</td></tr>                                                                                                                                                                                            
<tr class="b">
<td></td>
<td>
<div id="test_Title_Validation[Iteration # 21 : exp: CVS pharmacy - Online Pharmacy; act: CVS pharmacy - Online Pharmacy - Shop for Wellness and Beauty Products]error">core.TVTest:</div></td></tr>
<tr class="a">
<td><img src="images/icon_error_sml.gif" alt="" /></td>
<td><a name="core.TVTest.test_Title_ValidationIteration__23_:_exp:__act:_"></a>test_Title_Validation[Iteration # 23 : exp: &#x420;&#x407;&#x420;&#x405;&#x420;&#x491;&#x420;&#xb5;&#x420;&#x454;&#x421;&#x403;; act: &#x42f;&#x43d;&#x434;&#x435;&#x43a;&#x441;]</td></tr>
<tr class="b">
<td></td>
<td>org.junit.ComparisonFailure: FAILED expected:&lt;[&#x420;&#x407;&#x420;&#x405;&#x420;&#x491;&#x420;&#xb5;&#x420;&#x454;&#x421;&#x403;]&gt; but was:&lt;[&#x42f;&#x43d;&#x434;&#x435;&#x43a;&#x441;]&gt;</td></tr>                                                                                                                                                                                            
<tr class="a">
<td></td>
<td>
<div id="test_Title_Validation[Iteration # 23 : exp: &#x420;&#x407;&#x420;&#x405;&#x420;&#x491;&#x420;&#xb5;&#x420;&#x454;&#x421;&#x403;; act: &#x42f;&#x43d;&#x434;&#x435;&#x43a;&#x441;]error">core.TVTest:</div></td></tr></table><br /></div>
      </div>
    </div>
    <div class="clear">
      <hr/>
    </div>
    <div id="footer">
      <div class="xright">
              Copyright &#169;                   2015.
          All Rights Reserved.      
                    
                  </div>
      <div class="clear">
        <hr/>
      </div>
    </div>
  </body>
</html>
